<?xml version="1.0" encoding="UTF-8"?>
<testng-results ignored="0" total="2" passed="2" failed="0" skipped="0">
  <reporter-output>
  </reporter-output>
  <suite started-at="2025-12-29T14:21:16 IST" name="Default suite" finished-at="2025-12-29T14:22:56 IST" duration-ms="100569">
    <groups>
    </groups>
    <test started-at="2025-12-29T14:21:16 IST" name="Default test" finished-at="2025-12-29T14:22:56 IST" duration-ms="100569">
      <class name="Test_file.Apply_leave">
        <test-method is-config="true" signature="launch_application()[pri:0, instance:Test_file.Apply_leave@7cc0cdad]" started-at="2025-12-29T14:21:16 IST" name="launch_application" finished-at="2025-12-29T14:21:51 IST" duration-ms="35412" status="PASS">
          <reporter-output>
          </reporter-output>
        </test-method> <!-- launch_application -->
        <test-method signature="apply_leave()[pri:0, instance:Test_file.Apply_leave@7cc0cdad]" started-at="2025-12-29T14:21:51 IST" name="apply_leave" finished-at="2025-12-29T14:22:45 IST" duration-ms="54336" status="PASS">
          <reporter-output>
          </reporter-output>
        </test-method> <!-- apply_leave -->
        <test-method signature="Leave_cancellation()[pri:0, instance:Test_file.Apply_leave@7cc0cdad]" started-at="2025-12-29T14:22:45 IST" name="Leave_cancellation" finished-at="2025-12-29T14:22:55 IST" depends-on-methods="Test_file.Apply_leave.apply_leave" duration-ms="9308" status="PASS">
          <reporter-output>
          </reporter-output>
        </test-method> <!-- Leave_cancellation -->
        <test-method is-config="true" signature="tear_down()[pri:0, instance:Test_file.Apply_leave@7cc0cdad]" started-at="2025-12-29T14:22:55 IST" name="tear_down" finished-at="2025-12-29T14:22:56 IST" duration-ms="1437" status="PASS">
          <reporter-output>
          </reporter-output>
        </test-method> <!-- tear_down -->
      </class> <!-- Test_file.Apply_leave -->
    </test> <!-- Default test -->
  </suite> <!-- Default suite -->
</testng-results>
