<?xml version="1.0" encoding="UTF-8"?>
<!-- Generated by org.testng.reporters.JUnitReportReporter -->
<testsuite hostname="RBX-LAP-023" failures="0" tests="2" name="Permission_test_file.Pemission_totime_greater_then_from_time" time="20.556" errors="0" timestamp="2025-10-31T10:36:36 IST" skipped="0">
  <testcase classname="Permission_test_file.Pemission_totime_greater_then_from_time" name="Permission_Totime_greater_fromtime" time="17.477"/>
  <testcase classname="Permission_test_file.Pemission_totime_greater_then_from_time" name="workfrome_Totime_greater_then_fromtime" time="3.079"/>
</testsuite> <!-- Permission_test_file.Pemission_totime_greater_then_from_time -->
