<?xml version="1.0" encoding="UTF-8"?>
<!-- Generated by org.testng.reporters.JUnitReportReporter -->
<testsuite hostname="RBX-LAP-023" failures="0" tests="4" name="modulestest.Half_Day_Approved" time="91.042" errors="0" timestamp="2025-09-18T09:33:18 IST" skipped="0">
  <testcase classname="modulestest.Half_Day_Approved" name="Half_day_Approved_Leave_cancellation" time="12.254"/>
  <testcase classname="modulestest.Half_Day_Approved" name="TL_Approved_Half_day_leave_cancellation_approved" time="11.226"/>
  <testcase classname="modulestest.Half_Day_Approved" name="Manager_Approved_Half_day_leave_cancellation_approved" time="12.105"/>
  <testcase classname="modulestest.Half_Day_Approved" name="Half_day_apply_leave_then_two_leavel_approved" time="55.457"/>
</testsuite> <!-- modulestest.Half_Day_Approved -->
