<?xml version="1.0" encoding="UTF-8"?>
<!-- Generated by org.testng.reporters.JUnitReportReporter -->
<testsuite hostname="RBX-LAP-023" failures="0" tests="5" name="modulestest.Double_Half_Day" time="103.746" errors="0" timestamp="2025-09-19T11:07:59 IST" skipped="0">
  <testcase classname="modulestest.Double_Half_Day" name="Half_Day_Apply_Same_Date_Same_Half" time="24.294"/>
  <testcase classname="modulestest.Double_Half_Day" name="Halfday_Causal_And_Sick" time="27.843"/>
  <testcase classname="modulestest.Double_Half_Day" name="Second_Half_Leave_cancelled" time="14.206"/>
  <testcase classname="modulestest.Double_Half_Day" name="First_Half_Leave_Cancelled" time="16.220"/>
  <testcase classname="modulestest.Double_Half_Day" name="Second_Half_Sick_SameDay" time="21.183"/>
</testsuite> <!-- modulestest.Double_Half_Day -->
