<?xml version="1.0" encoding="UTF-8"?>
<!-- Generated by org.testng.reporters.JUnitReportReporter -->
<testsuite hostname="RBX-LAP-023" failures="1" tests="2" name="modulestest.Half_day_rejected_scenario" time="41.685" errors="0" timestamp="2025-09-26T15:23:28 IST" skipped="1">
  <testcase classname="modulestest.Half_day_rejected_scenario" name="Half_day_leave_first_leave_approval_second_leavel_rejected" time="0.000">
    <skipped/>
  </testcase> <!-- Half_day_leave_first_leave_approval_second_leavel_rejected -->
  <testcase classname="modulestest.Half_day_rejected_scenario" name="Half_day_leave_apply_for_firstlevel_rejected_scenarieo" time="41.685">
    <failure message="leave apply success message is not showing correctly expected [Submitted successfully.] but found [Leave already applied for the same date.]" type="java.lang.AssertionError">
      <![CDATA[java.lang.AssertionError: leave apply success message is not showing correctly expected [Submitted successfully.] but found [Leave already applied for the same date.]
at org.testng.Assert.fail(Assert.java:111)
at org.testng.Assert.failNotEquals(Assert.java:1590)
at org.testng.Assert.assertEqualsImpl(Assert.java:150)
at org.testng.Assert.assertEquals(Assert.java:132)
at org.testng.Assert.assertEquals(Assert.java:656)
at page_object.Apply_leave_object.leaveapply_success_tostmessage(Apply_leave_object.java:180)
at modulestest.Half_day_rejected_scenario.Half_day_leave_apply_for_firstlevel_rejected_scenarieo(Half_day_rejected_scenario.java:63)
at java.base/jdk.internal.reflect.DirectMethodHandleAccessor.invoke(DirectMethodHandleAccessor.java:103)
at java.base/java.lang.reflect.Method.invoke(Method.java:580)
at org.testng.internal.invokers.MethodInvocationHelper.invokeMethod(MethodInvocationHelper.java:141)
at org.testng.internal.invokers.TestInvoker.invokeMethod(TestInvoker.java:687)
at org.testng.internal.invokers.TestInvoker.invokeTestMethod(TestInvoker.java:230)
at org.testng.internal.invokers.MethodRunner.runInSequence(MethodRunner.java:63)
at org.testng.internal.invokers.TestInvoker$MethodInvocationAgent.invoke(TestInvoker.java:995)
at org.testng.internal.invokers.TestInvoker.invokeTestMethods(TestInvoker.java:203)
at org.testng.internal.invokers.TestMethodWorker.invokeTestMethods(TestMethodWorker.java:154)
at org.testng.internal.invokers.TestMethodWorker.run(TestMethodWorker.java:134)
at java.base/java.util.ArrayList.forEach(ArrayList.java:1596)
at org.testng.TestRunner.privateRun(TestRunner.java:741)
at org.testng.TestRunner.run(TestRunner.java:616)
at org.testng.SuiteRunner.runTest(SuiteRunner.java:421)
at org.testng.SuiteRunner.runSequentially(SuiteRunner.java:413)
at org.testng.SuiteRunner.privateRun(SuiteRunner.java:373)
at org.testng.SuiteRunner.run(SuiteRunner.java:312)
at org.testng.SuiteRunnerWorker.runSuite(SuiteRunnerWorker.java:52)
at org.testng.SuiteRunnerWorker.run(SuiteRunnerWorker.java:95)
at org.testng.TestNG.runSuitesSequentially(TestNG.java:1274)
at org.testng.TestNG.runSuitesLocally(TestNG.java:1208)
at org.testng.TestNG.runSuites(TestNG.java:1112)
at org.testng.TestNG.run(TestNG.java:1079)
at org.testng.remote.AbstractRemoteTestNG.run(AbstractRemoteTestNG.java:115)
at org.testng.remote.RemoteTestNG.initAndRun(RemoteTestNG.java:293)
at org.testng.remote.RemoteTestNG.main(RemoteTestNG.java:91)
]]>
    </failure>
  </testcase> <!-- Half_day_leave_apply_for_firstlevel_rejected_scenarieo -->
</testsuite> <!-- modulestest.Half_day_rejected_scenario -->
