<?xml version="1.0" encoding="UTF-8"?>
<!-- Generated by org.testng.reporters.JUnitReportReporter -->
<testsuite hostname="RBX-LAP-023" failures="0" tests="2" name="modulestest.Bulk_approval_approved_scenario" time="117.511" errors="0" timestamp="2025-09-24T12:28:52 IST" skipped="0">
  <testcase classname="modulestest.Bulk_approval_approved_scenario" name="First_leavel_Bulk_approval_reject" time="21.817"/>
  <testcase classname="modulestest.Bulk_approval_approved_scenario" name="Apply_leave_In_Bulk_approval_approved" time="95.694"/>
</testsuite> <!-- modulestest.Bulk_approval_approved_scenario -->
