<?xml version="1.0" encoding="UTF-8"?>
<!-- Generated by org.testng.reporters.JUnitReportReporter -->
<testsuite hostname="RBX-LAP-023" failures="0" tests="5" name="Pricilla_test_files.TenantPageTests" time="36.860" errors="0" timestamp="2025-09-30T16:28:08 IST" skipped="0">
  <testcase classname="Pricilla_test_files.TenantPageTests" name="invalidTenants" time="6.818"/>
  <testcase classname="Pricilla_test_files.TenantPageTests" name="invalidTenants" time="8.020"/>
  <testcase classname="Pricilla_test_files.TenantPageTests" name="invalidTenants" time="6.837"/>
  <testcase classname="Pricilla_test_files.TenantPageTests" name="invalidTenants" time="6.999"/>
  <testcase classname="Pricilla_test_files.TenantPageTests" name="tenant" time="8.186"/>
</testsuite> <!-- Pricilla_test_files.TenantPageTests -->
