<?xml version="1.0" encoding="UTF-8"?>
<!-- Generated by org.testng.reporters.JUnitReportReporter -->
<testsuite hostname="RBX-LAP-023" failures="0" tests="38" name="ezhourweb.testMethods.LoginPageTests" time="454.852" errors="1" timestamp="2025-09-29T14:24:09 IST" skipped="1">
  <testcase classname="ezhourweb.testMethods.LoginPageTests" name="loginWithBlankPassword" time="10.992"/>
  <testcase classname="ezhourweb.testMethods.LoginPageTests" name="loginWithInValidCredentials" time="11.882"/>
  <testcase classname="ezhourweb.testMethods.LoginPageTests" name="ResetPasswordAndVerifySubmit" time="13.802"/>
  <testcase classname="ezhourweb.testMethods.LoginPageTests" name="loginWithInValidCredentials" time="11.784"/>
  <testcase classname="ezhourweb.testMethods.LoginPageTests" name="loginWithValidCredentials" time="14.348"/>
  <testcase classname="ezhourweb.testMethods.LoginPageTests" name="loginWithBlankUsername" time="9.717"/>
  <testcase classname="ezhourweb.testMethods.LoginPageTests" name="ResetPasswordAndVerifyBack" time="9.686"/>
  <testcase classname="ezhourweb.testMethods.LoginPageTests" name="loginWithInValidCredentials" time="12.696"/>
  <testcase classname="ezhourweb.testMethods.LoginPageTests" name="setup" time="46.236">
    <error message="no such window: target window already closed
from unknown error: web view not found
  (Session info: chrome=140.0.7339.185)
Build info: version: &#039;4.16.1&#039;, revision: &#039;9b4c83354e&#039;
System info: os.name: &#039;Windows 11&#039;, os.arch: &#039;amd64&#039;, os.version: &#039;10.0&#039;, java.version: &#039;21.0.7&#039;
Driver info: org.openqa.selenium.chrome.ChromeDriver
Command: [d8a74fe76cadbd6080120ba43b1e5667, findElement {using=id, value=tenancyNameInput}]
Capabilities {acceptInsecureCerts: false, browserName: chrome, browserVersion: 140.0.7339.185, chrome: {chromedriverVersion: 140.0.7339.207 (17230b545fd..., userDataDir: C:\Users\rengaraj\AppData\L...}, fedcm:accounts: true, goog:chromeOptions: {debuggerAddress: localhost:49597}, networkConnectionEnabled: false, pageLoadStrategy: normal, platformName: windows, proxy: Proxy(), se:cdp: ws://localhost:49597/devtoo..., se:cdpVersion: 140.0.7339.185, setWindowRect: true, strictFileInteractability: false, timeouts: {implicit: 0, pageLoad: 300000, script: 30000}, unhandledPromptBehavior: dismiss and notify, webauthn:extension:credBlob: true, webauthn:extension:largeBlob: true, webauthn:extension:minPinLength: true, webauthn:extension:prf: true, webauthn:virtualAuthenticators: true}
Session ID: d8a74fe76cadbd6080120ba43b1e5667" type="org.openqa.selenium.NoSuchWindowException">
      <![CDATA[org.openqa.selenium.NoSuchWindowException: no such window: target window already closed
from unknown error: web view not found
  (Session info: chrome=140.0.7339.185)
Build info: version: '4.16.1', revision: '9b4c83354e'
System info: os.name: 'Windows 11', os.arch: 'amd64', os.version: '10.0', java.version: '21.0.7'
Driver info: org.openqa.selenium.chrome.ChromeDriver
Command: [d8a74fe76cadbd6080120ba43b1e5667, findElement {using=id, value=tenancyNameInput}]
Capabilities {acceptInsecureCerts: false, browserName: chrome, browserVersion: 140.0.7339.185, chrome: {chromedriverVersion: 140.0.7339.207 (17230b545fd..., userDataDir: C:\Users\rengaraj\AppData\L...}, fedcm:accounts: true, goog:chromeOptions: {debuggerAddress: localhost:49597}, networkConnectionEnabled: false, pageLoadStrategy: normal, platformName: windows, proxy: Proxy(), se:cdp: ws://localhost:49597/devtoo..., se:cdpVersion: 140.0.7339.185, setWindowRect: true, strictFileInteractability: false, timeouts: {implicit: 0, pageLoad: 300000, script: 30000}, unhandledPromptBehavior: dismiss and notify, webauthn:extension:credBlob: true, webauthn:extension:largeBlob: true, webauthn:extension:minPinLength: true, webauthn:extension:prf: true, webauthn:virtualAuthenticators: true}
Session ID: d8a74fe76cadbd6080120ba43b1e5667
at java.base/jdk.internal.reflect.DirectConstructorHandleAccessor.newInstance(DirectConstructorHandleAccessor.java:62)
at java.base/java.lang.reflect.Constructor.newInstanceWithCaller(Constructor.java:502)
at java.base/java.lang.reflect.Constructor.newInstance(Constructor.java:486)
at org.openqa.selenium.remote.codec.w3c.W3CHttpResponseCodec.createException(W3CHttpResponseCodec.java:200)
at org.openqa.selenium.remote.codec.w3c.W3CHttpResponseCodec.decode(W3CHttpResponseCodec.java:133)
at org.openqa.selenium.remote.codec.w3c.W3CHttpResponseCodec.decode(W3CHttpResponseCodec.java:52)
at org.openqa.selenium.remote.HttpCommandExecutor.execute(HttpCommandExecutor.java:191)
at org.openqa.selenium.remote.service.DriverCommandExecutor.invokeExecute(DriverCommandExecutor.java:200)
at org.openqa.selenium.remote.service.DriverCommandExecutor.execute(DriverCommandExecutor.java:175)
at org.openqa.selenium.remote.RemoteWebDriver.execute(RemoteWebDriver.java:523)
at org.openqa.selenium.remote.ElementLocation$ElementFinder$2.findElement(ElementLocation.java:165)
at org.openqa.selenium.remote.ElementLocation.findElement(ElementLocation.java:66)
at org.openqa.selenium.remote.RemoteWebDriver.findElement(RemoteWebDriver.java:360)
at org.openqa.selenium.remote.RemoteWebDriver.findElement(RemoteWebDriver.java:354)
at org.openqa.selenium.support.pagefactory.DefaultElementLocator.findElement(DefaultElementLocator.java:68)
at org.openqa.selenium.support.pagefactory.internal.LocatingElementHandler.invoke(LocatingElementHandler.java:38)
at jdk.proxy2/jdk.proxy2.$Proxy13.toString(Unknown Source)
at java.base/java.lang.StringConcatHelper.stringOf(StringConcatHelper.java:467)
at java.base/java.lang.StringConcatHelper.simpleConcat(StringConcatHelper.java:422)
at org.openqa.selenium.support.ui.ExpectedConditions$10.toString(ExpectedConditions.java:295)
at java.base/java.lang.StringConcatHelper.stringOf(StringConcatHelper.java:467)
at java.base/java.lang.StringConcatHelper.simpleConcat(StringConcatHelper.java:422)
at org.openqa.selenium.support.ui.FluentWait.until(FluentWait.java:226)
at ezhourweb.testMethods.LoginPageTests.tenant(LoginPageTests.java:37)
at ezhourweb.testMethods.LoginPageTests.setup(LoginPageTests.java:30)
at java.base/jdk.internal.reflect.DirectMethodHandleAccessor.invoke(DirectMethodHandleAccessor.java:103)
at java.base/java.lang.reflect.Method.invoke(Method.java:580)
at org.testng.internal.invokers.MethodInvocationHelper.invokeMethod(MethodInvocationHelper.java:141)
at org.testng.internal.invokers.MethodInvocationHelper.invokeMethodConsideringTimeout(MethodInvocationHelper.java:71)
at org.testng.internal.invokers.ConfigInvoker.invokeConfigurationMethod(ConfigInvoker.java:400)
at org.testng.internal.invokers.ConfigInvoker.invokeConfigurations(ConfigInvoker.java:333)
at org.testng.internal.invokers.TestInvoker.runConfigMethods(TestInvoker.java:836)
at org.testng.internal.invokers.TestInvoker.invokeMethod(TestInvoker.java:601)
at org.testng.internal.invokers.TestInvoker.invokeTestMethod(TestInvoker.java:230)
at org.testng.internal.invokers.MethodRunner.runInSequence(MethodRunner.java:63)
at org.testng.internal.invokers.TestInvoker$MethodInvocationAgent.invoke(TestInvoker.java:995)
at org.testng.internal.invokers.TestInvoker.invokeTestMethods(TestInvoker.java:203)
at org.testng.internal.invokers.TestMethodWorker.invokeTestMethods(TestMethodWorker.java:154)
at org.testng.internal.invokers.TestMethodWorker.run(TestMethodWorker.java:134)
at java.base/java.util.ArrayList.forEach(ArrayList.java:1596)
at org.testng.TestRunner.privateRun(TestRunner.java:741)
at org.testng.TestRunner.run(TestRunner.java:616)
at org.testng.SuiteRunner.runTest(SuiteRunner.java:421)
at org.testng.SuiteRunner.runSequentially(SuiteRunner.java:413)
at org.testng.SuiteRunner.privateRun(SuiteRunner.java:373)
at org.testng.SuiteRunner.run(SuiteRunner.java:312)
at org.testng.SuiteRunnerWorker.runSuite(SuiteRunnerWorker.java:52)
at org.testng.SuiteRunnerWorker.run(SuiteRunnerWorker.java:95)
at org.testng.TestNG.runSuitesSequentially(TestNG.java:1274)
at org.testng.TestNG.runSuitesLocally(TestNG.java:1208)
at org.testng.TestNG.runSuites(TestNG.java:1112)
at org.testng.TestNG.run(TestNG.java:1079)
at org.testng.remote.AbstractRemoteTestNG.run(AbstractRemoteTestNG.java:115)
at org.testng.remote.RemoteTestNG.initAndRun(RemoteTestNG.java:293)
at org.testng.remote.RemoteTestNG.main(RemoteTestNG.java:91)
]]>
    </error>
  </testcase> <!-- setup -->
  <testcase classname="ezhourweb.testMethods.LoginPageTests" name="loginWithValidCredentials" time="14.307"/>
  <testcase classname="ezhourweb.testMethods.LoginPageTests" name="ResetPasswordAndVerifyBack" time="11.870"/>
  <testcase classname="ezhourweb.testMethods.LoginPageTests" name="verifyUsernameAccepts256Char" time="12.438"/>
  <testcase classname="ezhourweb.testMethods.LoginPageTests" name="verifyForgotPasswordInvalidUsername" time="12.461"/>
  <testcase classname="ezhourweb.testMethods.LoginPageTests" name="loginWithBlankPassword" time="10.217"/>
  <testcase classname="ezhourweb.testMethods.LoginPageTests" name="loginWithBlankPassword" time="10.746"/>
  <testcase classname="ezhourweb.testMethods.LoginPageTests" name="loginWithInValidCredentials" time="12.469"/>
  <testcase classname="ezhourweb.testMethods.LoginPageTests" name="loginWithBlankUsernamePassword" time="10.912"/>
  <testcase classname="ezhourweb.testMethods.LoginPageTests" name="ResetPasswordAndVerifyBack" time="11.906"/>
  <testcase classname="ezhourweb.testMethods.LoginPageTests" name="leaveForgotPasswordUsernameBlank" time="9.256"/>
  <testcase classname="ezhourweb.testMethods.LoginPageTests" name="ResetPasswordAndVerifyBack" time="9.211"/>
  <testcase classname="ezhourweb.testMethods.LoginPageTests" name="loginWithBlankPassword" time="9.973"/>
  <testcase classname="ezhourweb.testMethods.LoginPageTests" name="ResetPasswordAndVerifySubmit" time="10.866"/>
  <testcase classname="ezhourweb.testMethods.LoginPageTests" name="clickForgotPassword" time="10.650"/>
  <testcase classname="ezhourweb.testMethods.LoginPageTests" name="loginWithBlankPassword" time="10.941"/>
  <testcase classname="ezhourweb.testMethods.LoginPageTests" name="loginWithValidCredentials" time="12.331"/>
  <testcase classname="ezhourweb.testMethods.LoginPageTests" name="loginWithValidCredentials" time="15.235"/>
  <testcase classname="ezhourweb.testMethods.LoginPageTests" name="ResetPasswordAndVerifyBack" time="11.564"/>
  <testcase classname="ezhourweb.testMethods.LoginPageTests" name="ResetPasswordAndVerifySubmit" time="12.082"/>
  <testcase classname="ezhourweb.testMethods.LoginPageTests" name="verifyUsernameAccepts256Char" time="8.167">
    <skipped/>
  </testcase> <!-- verifyUsernameAccepts256Char -->
  <testcase classname="ezhourweb.testMethods.LoginPageTests" name="verifyForgotPasswordInvalidUsername" time="10.224"/>
  <testcase classname="ezhourweb.testMethods.LoginPageTests" name="loginWithInValidCredentials" time="11.502"/>
  <testcase classname="ezhourweb.testMethods.LoginPageTests" name="ResetPasswordAndVerifySubmit" time="11.262"/>
  <testcase classname="ezhourweb.testMethods.LoginPageTests" name="loginWithInactiveUser" time="11.130"/>
  <testcase classname="ezhourweb.testMethods.LoginPageTests" name="validateRememberMe" time="9.332"/>
  <testcase classname="ezhourweb.testMethods.LoginPageTests" name="loginWithInactiveUser" time="12.717"/>
  <testcase classname="ezhourweb.testMethods.LoginPageTests" name="ResetPasswordAndVerifySubmit" time="12.795"/>
  <testcase classname="ezhourweb.testMethods.LoginPageTests" name="loginWithValidCredentials" time="3.572"/>
  <testcase classname="ezhourweb.testMethods.LoginPageTests" name="verifyUsernameAccepts256Char" time="3.573"/>
</testsuite> <!-- ezhourweb.testMethods.LoginPageTests -->
