<?xml version="1.0" encoding="UTF-8"?>
<!-- Generated by org.testng.reporters.JUnitReportReporter -->
<testsuite hostname="RBX-LAP-023" failures="0" tests="2" name="modulestest.Leave_tracker" time="36.656" errors="0" timestamp="2025-09-19T11:05:06 IST" skipped="0">
  <testcase classname="modulestest.Leave_tracker" name="Leave_tracker_paginaton" time="6.889"/>
  <testcase classname="modulestest.Leave_tracker" name="leave_tracker_content" time="29.767"/>
</testsuite> <!-- modulestest.Leave_tracker -->
