<?xml version="1.0" encoding="UTF-8"?>
<!-- Generated by org.testng.reporters.JUnitReportReporter -->
<testsuite hostname="RBX-LAP-023" failures="0" tests="3" name="Permission_test_file.Work_from_home_apply" time="33.901" errors="0" timestamp="2025-10-31T10:38:44 IST" skipped="0">
  <testcase classname="Permission_test_file.Work_from_home_apply" name="Work_From_Home_SameTime_SameDate" time="10.248"/>
  <testcase classname="Permission_test_file.Work_from_home_apply" name="work_from_home_apply" time="19.081"/>
  <testcase classname="Permission_test_file.Work_from_home_apply" name="Work_From_Home_cancel" time="4.572"/>
</testsuite> <!-- Permission_test_file.Work_from_home_apply -->
