<?xml version="1.0" encoding="UTF-8"?>
<!-- Generated by org.testng.reporters.JUnitReportReporter -->
<testsuite hostname="RBX-LAP-023" failures="0" tests="6" name="modulestest.Multi_Select_leave_Myapproval" time="100.448" errors="0" timestamp="2025-09-26T14:26:17 IST" skipped="0">
  <testcase classname="modulestest.Multi_Select_leave_Myapproval" name="Verify_Approved_Multi_Select_Approval" time="13.684"/>
  <testcase classname="modulestest.Multi_Select_leave_Myapproval" name="Verify_Pending_Multi_select_myapproval" time="26.569"/>
  <testcase classname="modulestest.Multi_Select_leave_Myapproval" name="Verify_CancellationPending_Multi_Select_Approval" time="13.675"/>
  <testcase classname="modulestest.Multi_Select_leave_Myapproval" name="Verify_Inqueue_Multi_Select_Approval" time="16.188"/>
  <testcase classname="modulestest.Multi_Select_leave_Myapproval" name="Verify_cancelled_Multi_Select_Approval" time="15.169"/>
  <testcase classname="modulestest.Multi_Select_leave_Myapproval" name="Verify_Rejected_Multi_Select_Approval" time="15.163"/>
</testsuite> <!-- modulestest.Multi_Select_leave_Myapproval -->
