<?xml version="1.0" encoding="UTF-8"?>
<!-- Generated by org.testng.reporters.JUnitReportReporter -->
<testsuite hostname="RBX-LAP-079" failures="0" tests="4" name="ezhourweb.testMethods.Admin_UsersPageTests" time="56.635" errors="0" timestamp="2025-09-25T10:07:05 IST" skipped="0">
  <testcase classname="ezhourweb.testMethods.Admin_UsersPageTests" name="checkPasswordValidations" time="14.853"/>
  <testcase classname="ezhourweb.testMethods.Admin_UsersPageTests" name="checkPasswordValidations" time="13.906"/>
  <testcase classname="ezhourweb.testMethods.Admin_UsersPageTests" name="checkPasswordValidations" time="13.797"/>
  <testcase classname="ezhourweb.testMethods.Admin_UsersPageTests" name="checkPasswordValidations" time="14.079"/>
</testsuite> <!-- ezhourweb.testMethods.Admin_UsersPageTests -->
